2020-12-08 17:07:33 [scrapy.utils.log] INFO: Scrapy 2.4.1 started (bot: funda)
2020-12-08 17:07:33 [scrapy.utils.log] INFO: Versions: lxml 4.6.1.0, libxml2 2.9.10, cssselect 1.1.0, parsel 1.6.0, w3lib 1.22.0, Twisted 20.3.0, Python 3.7.5 (default, Nov  1 2019, 02:16:32) - [Clang 11.0.0 (clang-1100.0.33.8)], pyOpenSSL 19.1.0 (OpenSSL 1.1.1h  22 Sep 2020), cryptography 3.2.1, Platform Darwin-19.6.0-x86_64-i386-64bit
2020-12-08 17:07:33 [scrapy.utils.log] DEBUG: Using reactor: twisted.internet.selectreactor.SelectReactor
2020-12-08 17:07:33 [scrapy.crawler] INFO: Overridden settings:
{'AUTOTHROTTLE_ENABLED': True,
 'AUTOTHROTTLE_TARGET_CONCURRENCY': 1000,
 'BOT_NAME': 'funda',
 'LOG_FILE': 'funda_2020_subset_allpics.log',
 'NEWSPIDER_MODULE': 'funda.spiders',
 'ROBOTSTXT_OBEY': True,
 'SPIDER_MODULES': ['funda.spiders']}
2020-12-08 17:07:33 [scrapy.extensions.telnet] INFO: Telnet Password: 1ed74c8809c96f1d
2020-12-08 17:07:33 [scrapy.middleware] INFO: Enabled extensions:
['scrapy.extensions.corestats.CoreStats',
 'scrapy.extensions.telnet.TelnetConsole',
 'scrapy.extensions.memusage.MemoryUsage',
 'scrapy.extensions.feedexport.FeedExporter',
 'scrapy.extensions.logstats.LogStats',
 'scrapy.extensions.throttle.AutoThrottle']
2020-12-08 17:07:33 [scrapy.middleware] INFO: Enabled downloader middlewares:
['scrapy.downloadermiddlewares.httpproxy.HttpProxyMiddleware',
 'scrapy.downloadermiddlewares.robotstxt.RobotsTxtMiddleware',
 'scrapy.downloadermiddlewares.httpauth.HttpAuthMiddleware',
 'scrapy.downloadermiddlewares.downloadtimeout.DownloadTimeoutMiddleware',
 'funda.middlewares.CustomProxyMiddleware',
 'scrapy.downloadermiddlewares.defaultheaders.DefaultHeadersMiddleware',
 'scrapy.downloadermiddlewares.useragent.UserAgentMiddleware',
 'funda.middlewares.FundaDownloaderMiddleware',
 'scrapy.downloadermiddlewares.retry.RetryMiddleware',
 'scrapy.downloadermiddlewares.redirect.MetaRefreshMiddleware',
 'scrapy.downloadermiddlewares.httpcompression.HttpCompressionMiddleware',
 'scrapy.downloadermiddlewares.redirect.RedirectMiddleware',
 'scrapy.downloadermiddlewares.cookies.CookiesMiddleware',
 'scrapy.downloadermiddlewares.stats.DownloaderStats']
2020-12-08 17:07:33 [scrapy.middleware] INFO: Enabled spider middlewares:
['scrapy.spidermiddlewares.httperror.HttpErrorMiddleware',
 'scrapy.spidermiddlewares.offsite.OffsiteMiddleware',
 'scrapy.spidermiddlewares.referer.RefererMiddleware',
 'scrapy.spidermiddlewares.urllength.UrlLengthMiddleware',
 'scrapy.spidermiddlewares.depth.DepthMiddleware']
2020-12-08 17:07:33 [scrapy.middleware] INFO: Enabled item pipelines:
['scrapy.pipelines.images.ImagesPipeline']
2020-12-08 17:07:33 [scrapy.core.engine] INFO: Spider opened
2020-12-08 20:15:44 [scrapy.core.engine] INFO: Closing spider (finished)
2020-12-08 20:15:44 [scrapy.extensions.feedexport] INFO: Stored csv feed (1400 items) in: funda_2020_subset_allpics.csv
2020-12-08 20:15:44 [scrapy.statscollectors] INFO: Dumping Scrapy stats:
{'downloader/exception_count': 33,
 'downloader/exception_type_count/scrapy.core.downloader.handlers.http11.TunnelError': 3,
 'downloader/exception_type_count/twisted.web._newclient.ResponseFailed': 30,
 'downloader/request_bytes': 16000454,
 'downloader/request_count': 46004,
 'downloader/request_method_count/GET': 46004,
 'downloader/response_bytes': 9210258056,
 'downloader/response_count': 45971,
 'downloader/response_status_count/200': 45966,
 'downloader/response_status_count/301': 3,
 'downloader/response_status_count/302': 1,
 'downloader/response_status_count/403': 1,
 'dupefilter/filtered': 1517,
 'elapsed_time_seconds': 11291.140947,
 'file_count': 46524,
 'file_status_count/downloaded': 44382,
 'file_status_count/uptodate': 2142,
 'finish_reason': 'finished',
 'finish_time': datetime.datetime(2020, 12, 8, 19, 15, 44, 956309),
 'item_scraped_count': 1400,
 'log_count/DEBUG': 93929,
 'log_count/ERROR': 83,
 'log_count/INFO': 200,
 'log_count/WARNING': 31,
 'memusage/max': 274604032,
 'memusage/startup': 52686848,
 'request_depth_max': 100,
 'response_received_count': 45967,
 'retry/count': 33,
 'retry/reason_count/scrapy.core.downloader.handlers.http11.TunnelError': 3,
 'retry/reason_count/twisted.web._newclient.ResponseFailed': 30,
 'robotstxt/request_count': 2,
 'robotstxt/response_count': 2,
 'robotstxt/response_status_count/200': 1,
 'robotstxt/response_status_count/403': 1,
 'scheduler/dequeued': 1590,
 'scheduler/dequeued/memory': 1590,
 'scheduler/enqueued': 1590,
 'scheduler/enqueued/memory': 1590,
 'spider_exceptions/AttributeError': 24,
 'spider_exceptions/IndexError': 9,
 'spider_exceptions/TypeError': 29,
 'spider_exceptions/ValueError': 2,
 'start_time': datetime.datetime(2020, 12, 8, 16, 7, 33, 815362)}
2020-12-08 20:15:44 [scrapy.core.engine] INFO: Spider closed (finished)
