2020-12-09 11:57:30 [scrapy.utils.log] INFO: Scrapy 2.4.1 started (bot: scrapybot)
2020-12-09 11:57:30 [scrapy.utils.log] INFO: Versions: lxml 4.6.1.0, libxml2 2.9.5, cssselect 1.1.0, parsel 1.6.0, w3lib 1.22.0, Twisted 20.3.0, Python 3.9.0 (tags/v3.9.0:9cf6752, Oct  5 2020, 15:34:40) [MSC v.1927 64 bit (AMD64)], pyOpenSSL 19.1.0 (OpenSSL 1.1.1h  22 Sep 2020), cryptography 3.2.1, Platform Windows-10-10.0.19041-SP0
2020-12-09 11:57:30 [scrapy.utils.log] DEBUG: Using reactor: twisted.internet.selectreactor.SelectReactor
2020-12-09 11:57:30 [scrapy.crawler] INFO: Overridden settings:
{'LOG_FILE': 'Brokers_Reviews.txt', 'SPIDER_LOADER_WARN_ONLY': True}
2020-12-09 11:57:30 [scrapy.extensions.telnet] INFO: Telnet Password: 81a58e1c49af3603
2020-12-09 11:57:30 [scrapy.middleware] INFO: Enabled extensions:
['scrapy.extensions.corestats.CoreStats',
 'scrapy.extensions.telnet.TelnetConsole',
 'scrapy.extensions.feedexport.FeedExporter',
 'scrapy.extensions.logstats.LogStats']
2020-12-09 11:57:31 [scrapy.middleware] INFO: Enabled downloader middlewares:
['scrapy.downloadermiddlewares.httpauth.HttpAuthMiddleware',
 'scrapy.downloadermiddlewares.downloadtimeout.DownloadTimeoutMiddleware',
 'scrapy.downloadermiddlewares.defaultheaders.DefaultHeadersMiddleware',
 'scrapy.downloadermiddlewares.useragent.UserAgentMiddleware',
 'scrapy.downloadermiddlewares.retry.RetryMiddleware',
 'scrapy.downloadermiddlewares.redirect.MetaRefreshMiddleware',
 'scrapy.downloadermiddlewares.httpcompression.HttpCompressionMiddleware',
 'scrapy.downloadermiddlewares.redirect.RedirectMiddleware',
 'scrapy.downloadermiddlewares.cookies.CookiesMiddleware',
 'scrapy.downloadermiddlewares.httpproxy.HttpProxyMiddleware',
 'scrapy.downloadermiddlewares.stats.DownloaderStats']
2020-12-09 11:57:31 [scrapy.middleware] INFO: Enabled spider middlewares:
['scrapy.spidermiddlewares.httperror.HttpErrorMiddleware',
 'scrapy.spidermiddlewares.offsite.OffsiteMiddleware',
 'scrapy.spidermiddlewares.referer.RefererMiddleware',
 'scrapy.spidermiddlewares.urllength.UrlLengthMiddleware',
 'scrapy.spidermiddlewares.depth.DepthMiddleware']
2020-12-09 11:57:31 [scrapy.middleware] INFO: Enabled item pipelines:
[]
2020-12-09 11:57:31 [scrapy.core.engine] INFO: Spider opened
-------------------------------------------------------------------------------------------------------------
2020-12-09 13:21:01 [scrapy.core.engine] INFO: Closing spider (finished)
2020-12-09 13:21:01 [scrapy.extensions.feedexport] INFO: Stored csv feed (272268 items) in: Brokers_reviews.csv
2020-12-09 13:21:01 [scrapy.statscollectors] INFO: Dumping Scrapy stats:
{'downloader/request_bytes': 47219763,
 'downloader/request_count': 61958,
 'downloader/request_method_count/GET': 61958,
 'downloader/response_bytes': 995989936,
 'downloader/response_count': 61958,
 'downloader/response_status_count/200': 59208,
 'downloader/response_status_count/301': 2750,
 'dupefilter/filtered': 2061,
 'elapsed_time_seconds': 5010.099227,
 'finish_reason': 'finished',
 'finish_time': datetime.datetime(2020, 12, 9, 12, 21, 1, 274168),
 'item_scraped_count': 272268,
 'log_count/DEBUG': 334227,
 'log_count/ERROR': 3466,
 'log_count/INFO': 94,
 'request_depth_max': 1447,
 'response_received_count': 59208,
 'scheduler/dequeued': 61958,
 'scheduler/dequeued/memory': 61958,
 'scheduler/enqueued': 61958,
 'scheduler/enqueued/memory': 61958,
 'spider_exceptions/TypeError': 3466,
 'start_time': datetime.datetime(2020, 12, 9, 10, 57, 31, 174941)}
2020-12-09 13:21:01 [scrapy.core.engine] INFO: Spider closed (finished)
