2020-12-09 07:08:36 [scrapy.core.engine] INFO: Closing spider (finished)
2020-12-09 07:08:36 [scrapy.extensions.feedexport] INFO: Stored csv feed (217170 items) in: funda_sold_houses.csv
2020-12-09 07:08:36 [scrapy.statscollectors] INFO: Dumping Scrapy stats:
{'downloader/exception_count': 5,
 'downloader/exception_type_count/twisted.web._newclient.ResponseFailed': 5,
 'downloader/request_bytes': 225255080,
 'downloader/request_count': 248368,
 'downloader/request_method_count/GET': 248368,
 'downloader/response_bytes': 10496866221,
 'downloader/response_count': 248363,
 'downloader/response_status_count/200': 248324,
 'downloader/response_status_count/301': 6,
 'downloader/response_status_count/502': 33,
 'dupefilter/filtered': 232966,
 'elapsed_time_seconds': 34849.212021,
 'finish_reason': 'finished',
 'finish_time': datetime.datetime(2020, 12, 9, 6, 8, 36, 279311),
 'item_scraped_count': 217170,
 'log_count/DEBUG': 465539,
 'log_count/ERROR': 15627,
 'log_count/INFO': 592,
 'log_count/WARNING': 5,
 'memusage/max': 213929984,
 'memusage/startup': 38014976,
 'request_depth_max': 15526,
 'response_received_count': 248324,
 'retry/count': 38,
 'retry/reason_count/502 Bad Gateway': 33,
 'retry/reason_count/twisted.web._newclient.ResponseFailed': 5,
 'robotstxt/request_count': 1,
 'robotstxt/response_count': 1,
 'robotstxt/response_status_count/200': 1,
 'scheduler/dequeued': 248367,
 'scheduler/dequeued/memory': 248367,
 'scheduler/enqueued': 248367,
 'scheduler/enqueued/memory': 248367,
 'spider_exceptions/AttributeError': 9703,
 'spider_exceptions/IndexError': 2213,
 'spider_exceptions/TypeError': 3627,
 'spider_exceptions/ValueError': 84,
 'start_time': datetime.datetime(2020, 12, 8, 20, 27, 47, 67290)}
2020-12-09 07:08:36 [scrapy.core.engine] INFO: Spider closed (finished)
